34,3,32,21,10,29,10,21,9,23,23,31,18,32,3,28,29,0,9,16,22,12,8,11,35,11,21,27,2,33,1,36,15 Lenght of array: 33

swapping: 34 with 29
last=left=0
right=33
swapping: 3 with 3
swapping: 32 with 21
swapping: 32 with 10
swapping: 32 with 10
swapping: 29 with 21
swapping: 32 with 9
swapping: 29 with 23
swapping: 32 with 23
swapping: 29 with 18
swapping: 32 with 3
swapping: 31 with 28
swapping: 29 with 0
swapping: 32 with 9
swapping: 32 with 16
swapping: 31 with 22
swapping: 34 with 12
swapping: 29 with 8
swapping: 32 with 11
swapping: 32 with 11
swapping: 31 with 21
swapping: 34 with 27
swapping: 29 with 2
swapping: 32 with 1
swapping: 35 with 15
swapping: 29 with 15
swapping: 15 with 28
last=left=0
right=23
swapping: 3 with 3
swapping: 21 with 21
swapping: 10 with 10
swapping: 10 with 10
swapping: 21 with 21
swapping: 9 with 9
swapping: 23 with 23
swapping: 23 with 23
swapping: 18 with 18
swapping: 3 with 3
swapping: 15 with 15
swapping: 0 with 0
swapping: 9 with 9
swapping: 16 with 16
swapping: 22 with 22
swapping: 12 with 12
swapping: 8 with 8
swapping: 11 with 11
swapping: 11 with 11
swapping: 21 with 21
swapping: 27 with 27
swapping: 2 with 2
swapping: 1 with 1
swapping: 28 with 1
swapping: 1 with 15
last=left=0
right=22
swapping: 3 with 3
swapping: 21 with 10
swapping: 21 with 10
swapping: 21 with 9
swapping: 21 with 3
swapping: 21 with 1
swapping: 23 with 0
swapping: 23 with 9
swapping: 18 with 12
swapping: 21 with 8
swapping: 21 with 11
swapping: 23 with 11
swapping: 23 with 2
swapping: 15 with 2
swapping: 2 with 1
last=left=0
right=12
swapping: 3 with 0
swapping: 1 with 0
swapping: 10 with 3
last=left=2
right=12
swapping: 10 with 2
swapping: 3 with 2
swapping: 9 with 9
last=left=4
right=12
swapping: 3 with 3
swapping: 10 with 8
swapping: 9 with 8
swapping: 8 with 8
last=left=4
right=5
swapping: 3 with 3
swapping: 8 with 3
swapping: 10 with 12
last=left=7
right=12
swapping: 9 with 9
swapping: 10 with 10
swapping: 10 with 10
swapping: 11 with 11
swapping: 11 with 11
swapping: 12 with 11
swapping: 11 with 10
last=left=7
right=11
swapping: 9 with 9
swapping: 10 with 9
swapping: 11 with 10
last=left=9
right=11
swapping: 10 with 10
swapping: 11 with 11
last=left=10
right=11
swapping: 11 with 11
swapping: 16 with 21
last=left=14
right=22
swapping: 22 with 18
swapping: 22 with 16
swapping: 21 with 16
swapping: 16 with 16
last=left=14
right=15
swapping: 16 with 16
swapping: 21 with 23
last=left=17
right=22
swapping: 22 with 22
swapping: 21 with 21
swapping: 21 with 21
swapping: 23 with 21
swapping: 21 with 22
last=left=17
right=19
swapping: 21 with 21
swapping: 21 with 21
swapping: 22 with 21
swapping: 21 with 21
last=left=17
right=18
swapping: 21 with 21
swapping: 27 with 27
last=left=21
right=22
swapping: 23 with 23
swapping: 27 with 23
swapping: 32 with 33
last=left=25
right=33
swapping: 31 with 31
swapping: 34 with 29
swapping: 34 with 32
swapping: 34 with 32
swapping: 33 with 32
swapping: 32 with 31
last=left=25
right=28
swapping: 32 with 29
swapping: 31 with 29
swapping: 32 with 32
last=left=27
right=28
swapping: 32 with 32
swapping: 34 with 36
last=left=30
right=33
swapping: 34 with 34
swapping: 35 with 35
swapping: 36 with 35
swapping: 35 with 35
last=left=30
right=31
swapping: 34 with 34
swapping: 35 with 34
0,1,2,3,3,8,9,9,10,10,11,11,12,15,16,18,21,21,21,22,23,23,27,28,29,29,31,32,32,33,34,35,36 Lenght of array: 33

25,9,10,4,16,34,20,34,22,5,3,29,31,25,15,16,30,27,0,32,22,6,0,20,18,21,19,24,1,13,0,4,22 Lenght of array: 33

swapping:v[0]: 16 with v[25]:30
last=left=0
right=33
swapping:v[1]: 1 with v[9]:9
swapping:v[2]: 2 with v[10]:10
swapping:v[3]: 3 with v[4]:4
swapping:v[4]: 4 with v[16]:16
swapping:v[5]: 6 with v[34]:20
swapping:v[6]: 8 with v[34]:22
swapping:v[7]: 9 with v[34]:5
swapping:v[8]: 10 with v[34]:3
swapping:v[9]: 11 with v[34]:29
swapping:v[10]: 13 with v[34]:25
swapping:v[11]: 14 with v[34]:15
swapping:v[12]: 15 with v[31]:16
swapping:v[13]: 16 with v[34]:25
swapping:v[14]: 17 with v[34]:27
swapping:v[15]: 18 with v[31]:0
swapping:v[16]: 20 with v[34]:22
swapping:v[17]: 21 with v[34]:6
swapping:v[18]: 22 with v[31]:0
swapping:v[19]: 23 with v[32]:20
swapping:v[20]: 24 with v[34]:18
swapping:v[21]: 25 with v[34]:21
swapping:v[22]: 26 with v[31]:19
swapping:v[23]: 27 with v[32]:24
swapping:v[24]: 28 with v[34]:1
swapping:v[25]: 29 with v[34]:13
swapping:v[26]: 30 with v[31]:0
swapping:v[27]: 31 with v[32]:4
swapping:v[28]: 32 with v[34]:22
swapping:v[0]: 28 with v[30]:22
swapping:v[0]: 13 with v[22]:25
last=left=0
right=27
swapping:v[1]: 1 with v[9]:9
swapping:v[2]: 2 with v[10]:10
swapping:v[3]: 3 with v[4]:4
swapping:v[4]: 4 with v[16]:16
swapping:v[5]: 5 with v[20]:20
swapping:v[6]: 6 with v[22]:22
swapping:v[7]: 7 with v[5]:5
swapping:v[8]: 8 with v[3]:3
swapping:v[9]: 11 with v[29]:15
swapping:v[10]: 12 with v[25]:16
swapping:v[11]: 13 with v[29]:22
swapping:v[12]: 15 with v[25]:0
swapping:v[13]: 16 with v[29]:22
swapping:v[14]: 17 with v[27]:6
swapping:v[15]: 18 with v[25]:0
swapping:v[16]: 19 with v[29]:20
swapping:v[17]: 20 with v[27]:18
swapping:v[18]: 21 with v[25]:21
swapping:v[19]: 22 with v[29]:19
swapping:v[20]: 23 with v[27]:24
swapping:v[21]: 24 with v[25]:1
swapping:v[22]: 25 with v[29]:13
swapping:v[23]: 26 with v[27]:0
swapping:v[24]: 27 with v[25]:4
swapping:v[0]: 24 with v[25]:4
swapping:v[0]: 11 with v[4]:22
last=left=0
right=23
swapping:v[1]: 1 with v[9]:9
swapping:v[2]: 2 with v[10]:10
swapping:v[3]: 3 with v[4]:4
swapping:v[4]: 4 with v[16]:16
swapping:v[5]: 5 with v[20]:20
swapping:v[6]: 7 with v[22]:5
swapping:v[7]: 8 with v[22]:3
swapping:v[8]: 9 with v[22]:15
swapping:v[9]: 10 with v[22]:16
swapping:v[10]: 11 with v[22]:4
swapping:v[11]: 12 with v[22]:0
swapping:v[12]: 14 with v[22]:6
swapping:v[13]: 15 with v[22]:0
swapping:v[14]: 16 with v[22]:20
swapping:v[15]: 17 with v[22]:18
swapping:v[16]: 18 with v[22]:21
swapping:v[17]: 19 with v[22]:19
swapping:v[18]: 21 with v[22]:1
swapping:v[19]: 22 with v[22]:13
swapping:v[20]: 23 with v[24]:0
swapping:v[0]: 20 with v[22]:0
swapping:v[0]: 9 with v[0]:16
last=left=0
right=19
swapping:v[1]: 1 with v[9]:9
swapping:v[2]: 2 with v[10]:10
swapping:v[3]: 3 with v[4]:4
swapping:v[4]: 6 with v[16]:5
swapping:v[5]: 7 with v[20]:3
swapping:v[6]: 8 with v[16]:15
swapping:v[7]: 9 with v[20]:0
swapping:v[8]: 10 with v[16]:4
swapping:v[9]: 11 with v[20]:0
swapping:v[10]: 12 with v[16]:6
swapping:v[11]: 13 with v[20]:0
swapping:v[12]: 18 with v[16]:1
swapping:v[13]: 19 with v[20]:13
swapping:v[0]: 13 with v[16]:13
swapping:v[0]: 6 with v[13]:15
last=left=0
right=12
swapping:v[1]: 1 with v[9]:9
swapping:v[2]: 2 with v[10]:10
swapping:v[3]: 3 with v[4]:4
swapping:v[4]: 4 with v[5]:5
swapping:v[5]: 5 with v[3]:3
swapping:v[6]: 6 with v[13]:13
swapping:v[7]: 7 with v[0]:0
swapping:v[8]: 8 with v[4]:4
swapping:v[9]: 9 with v[0]:0
swapping:v[10]: 10 with v[6]:6
swapping:v[11]: 11 with v[0]:0
swapping:v[12]: 12 with v[1]:1
swapping:v[0]: 12 with v[15]:1
swapping:v[0]: 5 with v[1]:3
last=left=0
right=11
swapping:v[1]: 5 with v[9]:1
swapping:v[2]: 7 with v[10]:0
swapping:v[3]: 9 with v[4]:0
swapping:v[4]: 11 with v[5]:0
swapping:v[0]: 4 with v[3]:0
swapping:v[0]: 1 with v[0]:1
last=left=0
right=3
swapping:v[1]: 1 with v[0]:0
swapping:v[2]: 2 with v[0]:0
swapping:v[3]: 3 with v[0]:0
swapping:v[0]: 3 with v[1]:0
swapping:v[0]: 1 with v[0]:0
last=left=0
right=2
swapping:v[0]: 0 with v[0]:0
swapping:v[1]: 1 with v[0]:0
last=left=1
right=2
swapping:v[1]: 1 with v[0]:0
swapping:v[5]: 8 with v[9]:4
last=left=5
right=11
swapping:v[5]: 5 with v[4]:4
swapping:v[6]: 8 with v[13]:9
last=left=6
right=11
swapping:v[7]: 9 with v[10]:4
swapping:v[8]: 10 with v[13]:6
swapping:v[9]: 11 with v[10]:5
swapping:v[6]: 9 with v[9]:5
swapping:v[6]: 7 with v[5]:4
last=left=6
right=8
swapping:v[6]: 6 with v[4]:4
swapping:v[7]: 7 with v[5]:5
last=left=7
right=8
swapping:v[7]: 7 with v[5]:5
swapping:v[10]: 10 with v[13]:13
last=left=10
right=11
swapping:v[11]: 11 with v[10]:10
swapping:v[10]: 11 with v[13]:10
swapping:v[14]: 16 with v[20]:21
last=left=14
right=19
swapping:v[15]: 15 with v[18]:18
swapping:v[16]: 16 with v[20]:20
swapping:v[17]: 17 with v[19]:19
swapping:v[18]: 18 with v[16]:16
swapping:v[19]: 19 with v[20]:20
swapping:v[14]: 19 with v[21]:20
swapping:v[14]: 16 with v[20]:20
last=left=14
right=18
swapping:v[15]: 15 with v[18]:18
swapping:v[16]: 17 with v[20]:19
swapping:v[17]: 18 with v[20]:16
swapping:v[14]: 17 with v[20]:16
swapping:v[14]: 15 with v[16]:18
last=left=14
right=16
swapping:v[15]: 15 with v[16]:16
swapping:v[14]: 15 with v[18]:16
swapping:v[21]: 22 with v[22]:22
last=left=21
right=23
swapping:v[21]: 21 with v[22]:22
swapping:v[22]: 22 with v[22]:22
last=left=22
right=23
swapping:v[22]: 22 with v[22]:22
swapping:v[25]: 26 with v[29]:27
last=left=25
right=27
swapping:v[26]: 27 with v[29]:25
swapping:v[25]: 26 with v[27]:25
swapping:v[29]: 31 with v[34]:32
last=left=29
right=33
swapping:v[30]: 30 with v[31]:31
swapping:v[29]: 30 with v[32]:31
swapping:v[31]: 32 with v[34]:34
last=left=31
right=33
swapping:v[31]: 31 with v[34]:34
swapping:v[32]: 32 with v[34]:34
last=left=32
right=33
swapping:v[32]: 32 with v[34]:34
0,0,0,1,3,4,4,5,6,9,10,13,15,16,16,18,19,20,20,21,22,22,22,24,25,25,27,29,30,31,32,34,34 Lenght of array: 33

