-23423 fast

     +343333

     

                       34234slslsls

16766,36784,27798,34583,13650,12562,6182,13538,11850,17675,34197,38547,26,9128,48188,38121,25353,59675,29975,353,25374,7940,31940,34748,58469,44494,38676,22666,36979,12299,714,53746,49083,28512,55560,29964,8306,61742,10733,20156,46649,44930,25934,46675,54058,41354,19259,46642,35492,16465,46995,28097,57173,13398,62846,17336,25124,3216,40002,29334,15515,7948,50311,31829,36460,40334,61793,44766,3771,6990,32154,50420,19151,58088,31558,7673,33905,18048,21546,36629,1744,3005,64726,58917,49171,62035,10716,41526,65251,17949,5324,47997,25897,22866,14289,29589,63201,10546,8818,1435,50304,8203,19086,3918,33523,17875,44359,1891,35923,369,5751,4898,3374,37709,63815,19776,1438,41762,61303,33921,26942,1090,16381,52840,23956,30671,16892,54388,8448,58478,23054,58752,1145,42140,29901,34668,60015,8724,3790,63169,41861,42310,2530,12466,14482,33576,32242,15920,42569,28008,49841,3975,61866,686,24046,20286,31357,8169,41905,39805,1110,64960,251,35023,8794,30152,36922,36041,6107,7944,33673,47968,50254,3435,27665,64736,37011,59908,47887,14044,22379,32192,50787,18709,32878,9296,6226,31466,17465,48131,38502,51343,14785,38753,20830,23580,36136,24983,59621,9475,32927,60525,24674,17644,63960,52340,49611,2666,46711,31962,49478,36321,64154,34728,22261,64263,44024,28487,62960,28720,43850,3156,14526,25866,41909,2587,16677,45276,27571,10761,54751,27729,38518,13889,45374,4172,33460,62216,6838,14634,28641,56316,18186,60026,58275,40448,25983,3993,36166,23406,32713,47247,26562,14471,7577,35702 done
gap= 128 
swapping v[0] and v[128]
swapping v[2] and v[130]
swapping v[4] and v[132]
swapping v[9] and v[137]
swapping v[10] and v[138]
swapping v[14] and v[142]
swapping v[15] and v[143]
swapping v[16] and v[144]
swapping v[17] and v[145]
swapping v[23] and v[151]
swapping v[25] and v[153]
swapping v[26] and v[154]
swapping v[27] and v[155]
swapping v[28] and v[156]
swapping v[29] and v[157]
swapping v[31] and v[159]
swapping v[32] and v[160]
swapping v[34] and v[162]
swapping v[37] and v[165]
swapping v[40] and v[168]
swapping v[41] and v[169]
swapping v[44] and v[172]
swapping v[45] and v[173]
swapping v[51] and v[179]
swapping v[52] and v[180]
swapping v[54] and v[182]
swapping v[58] and v[186]
swapping v[62] and v[190]
swapping v[64] and v[192]
swapping v[65] and v[193]
swapping v[66] and v[194]
swapping v[67] and v[195]
swapping v[71] and v[199]
swapping v[74] and v[202]
swapping v[79] and v[207]
swapping v[82] and v[210]
swapping v[83] and v[211]
swapping v[85] and v[213]
swapping v[88] and v[216]
swapping v[91] and v[219]
swapping v[93] and v[221]
swapping v[95] and v[223]
swapping v[96] and v[224]
swapping v[97] and v[225]
swapping v[100] and v[228]
swapping v[105] and v[233]
swapping v[108] and v[236]
swapping v[114] and v[242]
swapping v[117] and v[245]
swapping v[118] and v[246]
swapping v[119] and v[247]
swapping v[123] and v[251]
swapping v[125] and v[253]
swapping v[126] and v[254]
swapping v[127] and v[255]
gap= 64 
swapping v[2] and v[66]
swapping v[3] and v[67]
swapping v[5] and v[69]
swapping v[7] and v[71]
swapping v[11] and v[75]
swapping v[15] and v[79]
swapping v[16] and v[80]
swapping v[17] and v[81]
swapping v[22] and v[86]
swapping v[24] and v[88]
swapping v[26] and v[90]
swapping v[28] and v[92]
swapping v[29] and v[93]
swapping v[31] and v[95]
swapping v[33] and v[97]
swapping v[35] and v[99]
swapping v[37] and v[101]
swapping v[39] and v[103]
swapping v[43] and v[107]
swapping v[44] and v[108]
swapping v[45] and v[109]
swapping v[46] and v[110]
swapping v[47] and v[111]
swapping v[48] and v[112]
swapping v[50] and v[114]
swapping v[52] and v[116]
swapping v[54] and v[118]
swapping v[55] and v[119]
swapping v[57] and v[121]
swapping v[62] and v[126]
swapping v[70] and v[134]
swapping v[73] and v[137]
swapping v[82] and v[146]
swapping v[83] and v[147]
swapping v[84] and v[148]
swapping v[85] and v[149]
swapping v[87] and v[151]
swapping v[91] and v[155]
swapping v[100] and v[164]
swapping v[106] and v[170]
swapping v[117] and v[181]
swapping v[123] and v[187]
swapping v[124] and v[188]
swapping v[129] and v[193]
swapping v[131] and v[195]
swapping v[133] and v[197]
swapping v[136] and v[200]
swapping v[138] and v[202]
swapping v[139] and v[203]
swapping v[75] and v[139]
swapping v[143] and v[207]
swapping v[145] and v[209]
swapping v[81] and v[145]
swapping v[150] and v[214]
swapping v[86] and v[150]
swapping v[153] and v[217]
swapping v[158] and v[222]
swapping v[159] and v[223]
swapping v[95] and v[159]
swapping v[161] and v[225]
swapping v[97] and v[161]
swapping v[162] and v[226]
swapping v[165] and v[229]
swapping v[101] and v[165]
swapping v[167] and v[231]
swapping v[168] and v[232]
swapping v[169] and v[233]
swapping v[171] and v[235]
swapping v[107] and v[171]
swapping v[172] and v[236]
swapping v[108] and v[172]
swapping v[174] and v[238]
swapping v[110] and v[174]
swapping v[175] and v[239]
swapping v[111] and v[175]
swapping v[176] and v[240]
swapping v[112] and v[176]
swapping v[177] and v[241]
swapping v[182] and v[246]
swapping v[186] and v[250]
swapping v[189] and v[253]
swapping v[190] and v[254]
swapping v[126] and v[190]
gap= 32 
swapping v[0] and v[32]
swapping v[1] and v[33]
swapping v[2] and v[34]
swapping v[3] and v[35]
swapping v[7] and v[39]
swapping v[8] and v[40]
swapping v[9] and v[41]
swapping v[11] and v[43]
swapping v[13] and v[45]
swapping v[18] and v[50]
swapping v[20] and v[52]
swapping v[24] and v[56]
swapping v[28] and v[60]
swapping v[36] and v[68]
swapping v[42] and v[74]
swapping v[54] and v[86]
swapping v[59] and v[91]
swapping v[63] and v[95]
swapping v[65] and v[97]
swapping v[33] and v[65]
swapping v[66] and v[98]
swapping v[34] and v[66]
swapping v[67] and v[99]
swapping v[69] and v[101]
swapping v[70] and v[102]
swapping v[73] and v[105]
swapping v[75] and v[107]
swapping v[43] and v[75]
swapping v[77] and v[109]
swapping v[45] and v[77]
swapping v[78] and v[110]
swapping v[84] and v[116]
swapping v[52] and v[84]
swapping v[87] and v[119]
swapping v[88] and v[120]
swapping v[56] and v[88]
swapping v[89] and v[121]
swapping v[90] and v[122]
swapping v[92] and v[124]
swapping v[60] and v[92]
swapping v[96] and v[128]
swapping v[104] and v[136]
swapping v[106] and v[138]
swapping v[112] and v[144]
swapping v[113] and v[145]
swapping v[118] and v[150]
swapping v[123] and v[155]
swapping v[91] and v[123]
swapping v[125] and v[157]
swapping v[126] and v[158]
swapping v[129] and v[161]
swapping v[97] and v[129]
swapping v[65] and v[97]
swapping v[130] and v[162]
swapping v[98] and v[130]
swapping v[66] and v[98]
swapping v[131] and v[163]
swapping v[135] and v[167]
swapping v[137] and v[169]
swapping v[141] and v[173]
swapping v[142] and v[174]
swapping v[110] and v[142]
swapping v[146] and v[178]
swapping v[147] and v[179]
swapping v[151] and v[183]
swapping v[119] and v[151]
swapping v[152] and v[184]
swapping v[120] and v[152]
swapping v[88] and v[120]
swapping v[153] and v[185]
swapping v[121] and v[153]
swapping v[154] and v[186]
swapping v[156] and v[188]
swapping v[124] and v[156]
swapping v[92] and v[124]
swapping v[160] and v[192]
swapping v[128] and v[160]
swapping v[170] and v[202]
swapping v[175] and v[207]
swapping v[182] and v[214]
swapping v[150] and v[182]
swapping v[189] and v[221]
swapping v[194] and v[226]
swapping v[195] and v[227]
swapping v[198] and v[230]
swapping v[199] and v[231]
swapping v[200] and v[232]
swapping v[201] and v[233]
swapping v[169] and v[201]
swapping v[203] and v[235]
swapping v[204] and v[236]
swapping v[206] and v[238]
swapping v[174] and v[206]
swapping v[208] and v[240]
swapping v[210] and v[242]
swapping v[212] and v[244]
swapping v[213] and v[245]
swapping v[215] and v[247]
swapping v[183] and v[215]
swapping v[151] and v[183]
swapping v[216] and v[248]
swapping v[184] and v[216]
swapping v[152] and v[184]
swapping v[120] and v[152]
swapping v[217] and v[249]
swapping v[185] and v[217]
swapping v[218] and v[250]
swapping v[220] and v[252]
swapping v[188] and v[220]
swapping v[156] and v[188]
gap= 16 
swapping v[3] and v[19]
swapping v[9] and v[25]
swapping v[14] and v[30]
swapping v[18] and v[34]
swapping v[24] and v[40]
swapping v[27] and v[43]
swapping v[31] and v[47]
swapping v[32] and v[48]
swapping v[35] and v[51]
swapping v[39] and v[55]
swapping v[41] and v[57]
swapping v[25] and v[41]
swapping v[42] and v[58]
swapping v[44] and v[60]
swapping v[50] and v[66]
swapping v[34] and v[50]
swapping v[52] and v[68]
swapping v[53] and v[69]
swapping v[54] and v[70]
swapping v[56] and v[72]
swapping v[40] and v[56]
swapping v[59] and v[75]
swapping v[43] and v[59]
swapping v[62] and v[78]
swapping v[63] and v[79]
swapping v[47] and v[63]
swapping v[64] and v[80]
swapping v[67] and v[83]
swapping v[51] and v[67]
swapping v[73] and v[89]
swapping v[57] and v[73]
swapping v[41] and v[57]
swapping v[74] and v[90]
swapping v[58] and v[74]
swapping v[76] and v[92]
swapping v[60] and v[76]
swapping v[77] and v[93]
swapping v[82] and v[98]
swapping v[66] and v[82]
swapping v[84] and v[100]
swapping v[68] and v[84]
swapping v[85] and v[101]
swapping v[69] and v[85]
swapping v[91] and v[107]
swapping v[75] and v[91]
swapping v[59] and v[75]
swapping v[95] and v[111]
swapping v[79] and v[95]
swapping v[63] and v[79]
swapping v[97] and v[113]
swapping v[99] and v[115]
swapping v[83] and v[99]
swapping v[67] and v[83]
swapping v[103] and v[119]
swapping v[105] and v[121]
swapping v[89] and v[105]
swapping v[106] and v[122]
swapping v[90] and v[106]
swapping v[74] and v[90]
swapping v[108] and v[124]
swapping v[92] and v[108]
swapping v[76] and v[92]
swapping v[109] and v[125]
swapping v[110] and v[126]
swapping v[114] and v[130]
swapping v[98] and v[114]
swapping v[82] and v[98]
swapping v[116] and v[132]
swapping v[100] and v[116]
swapping v[84] and v[100]
swapping v[117] and v[133]
swapping v[101] and v[117]
swapping v[120] and v[136]
swapping v[128] and v[144]
swapping v[129] and v[145]
swapping v[131] and v[147]
swapping v[115] and v[131]
swapping v[99] and v[115]
swapping v[138] and v[154]
swapping v[139] and v[155]
swapping v[140] and v[156]
swapping v[124] and v[140]
swapping v[108] and v[124]
swapping v[92] and v[108]
swapping v[141] and v[157]
swapping v[125] and v[141]
swapping v[142] and v[158]
swapping v[126] and v[142]
swapping v[146] and v[162]
swapping v[130] and v[146]
swapping v[114] and v[130]
swapping v[98] and v[114]
swapping v[148] and v[164]
swapping v[132] and v[148]
swapping v[149] and v[165]
swapping v[133] and v[149]
swapping v[150] and v[166]
swapping v[152] and v[168]
swapping v[159] and v[175]
swapping v[160] and v[176]
swapping v[144] and v[160]
swapping v[163] and v[179]
swapping v[169] and v[185]
swapping v[172] and v[188]
swapping v[156] and v[172]
swapping v[140] and v[156]
swapping v[124] and v[140]
swapping v[108] and v[124]
swapping v[173] and v[189]
swapping v[157] and v[173]
swapping v[180] and v[196]
swapping v[164] and v[180]
swapping v[148] and v[164]
swapping v[184] and v[200]
swapping v[191] and v[207]
swapping v[192] and v[208]
swapping v[176] and v[192]
swapping v[197] and v[213]
swapping v[201] and v[217]
swapping v[185] and v[201]
swapping v[202] and v[218]
swapping v[204] and v[220]
swapping v[188] and v[204]
swapping v[172] and v[188]
swapping v[205] and v[221]
swapping v[189] and v[205]
swapping v[173] and v[189]
swapping v[206] and v[222]
swapping v[210] and v[226]
swapping v[211] and v[227]
swapping v[212] and v[228]
swapping v[196] and v[212]
swapping v[214] and v[230]
swapping v[216] and v[232]
swapping v[224] and v[240]
swapping v[208] and v[224]
swapping v[225] and v[241]
swapping v[233] and v[249]
swapping v[217] and v[233]
swapping v[201] and v[217]
swapping v[235] and v[251]
swapping v[236] and v[252]
swapping v[220] and v[236]
swapping v[204] and v[220]
swapping v[237] and v[253]
swapping v[221] and v[237]
swapping v[239] and v[255]
gap= 8 
swapping v[1] and v[9]
swapping v[4] and v[12]
swapping v[5] and v[13]
swapping v[6] and v[14]
swapping v[7] and v[15]
swapping v[8] and v[16]
swapping v[11] and v[19]
swapping v[17] and v[25]
swapping v[9] and v[17]
swapping v[18] and v[26]
swapping v[21] and v[29]
swapping v[13] and v[21]
swapping v[22] and v[30]
swapping v[14] and v[22]
swapping v[24] and v[32]
swapping v[16] and v[24]
swapping v[28] and v[36]
swapping v[31] and v[39]
swapping v[33] and v[41]
swapping v[34] and v[42]
swapping v[26] and v[34]
swapping v[35] and v[43]
swapping v[37] and v[45]
swapping v[29] and v[37]
swapping v[21] and v[29]
swapping v[38] and v[46]
swapping v[30] and v[38]
swapping v[22] and v[30]
swapping v[40] and v[48]
swapping v[32] and v[40]
swapping v[44] and v[52]
swapping v[36] and v[44]
swapping v[47] and v[55]
swapping v[49] and v[57]
swapping v[41] and v[49]
swapping v[50] and v[58]
swapping v[42] and v[50]
swapping v[53] and v[61]
swapping v[45] and v[53]
swapping v[54] and v[62]
swapping v[46] and v[54]
swapping v[38] and v[46]
swapping v[56] and v[64]
swapping v[48] and v[56]
swapping v[60] and v[68]
swapping v[52] and v[60]
swapping v[44] and v[52]
swapping v[63] and v[71]
swapping v[65] and v[73]
swapping v[57] and v[65]
swapping v[49] and v[57]
swapping v[69] and v[77]
swapping v[61] and v[69]
swapping v[53] and v[61]
swapping v[70] and v[78]
swapping v[62] and v[70]
swapping v[54] and v[62]
swapping v[46] and v[54]
swapping v[72] and v[80]
swapping v[64] and v[72]
swapping v[56] and v[64]
swapping v[74] and v[82]
swapping v[76] and v[84]
swapping v[68] and v[76]
swapping v[60] and v[68]
swapping v[52] and v[60]
swapping v[79] and v[87]
swapping v[81] and v[89]
swapping v[73] and v[81]
swapping v[65] and v[73]
swapping v[57] and v[65]
swapping v[83] and v[91]
swapping v[85] and v[93]
swapping v[77] and v[85]
swapping v[69] and v[77]
swapping v[86] and v[94]
swapping v[78] and v[86]
swapping v[70] and v[78]
swapping v[88] and v[96]
swapping v[80] and v[88]
swapping v[72] and v[80]
swapping v[64] and v[72]
swapping v[92] and v[100]
swapping v[84] and v[92]
swapping v[76] and v[84]
swapping v[95] and v[103]
swapping v[87] and v[95]
swapping v[97] and v[105]
swapping v[89] and v[97]
swapping v[81] and v[89]
swapping v[73] and v[81]
swapping v[98] and v[106]
swapping v[101] and v[109]
swapping v[93] and v[101]
swapping v[85] and v[93]
swapping v[102] and v[110]
swapping v[94] and v[102]
swapping v[86] and v[94]
swapping v[78] and v[86]
swapping v[104] and v[112]
swapping v[96] and v[104]
swapping v[88] and v[96]
swapping v[108] and v[116]
swapping v[100] and v[108]
swapping v[92] and v[100]
swapping v[111] and v[119]
swapping v[103] and v[111]
swapping v[95] and v[103]
swapping v[113] and v[121]
swapping v[105] and v[113]
swapping v[97] and v[105]
swapping v[89] and v[97]
swapping v[115] and v[123]
swapping v[117] and v[125]
swapping v[109] and v[117]
swapping v[118] and v[126]
swapping v[110] and v[118]
swapping v[102] and v[110]
swapping v[94] and v[102]
swapping v[86] and v[94]
swapping v[120] and v[128]
swapping v[112] and v[120]
swapping v[104] and v[112]
swapping v[124] and v[132]
swapping v[116] and v[124]
swapping v[127] and v[135]
swapping v[119] and v[127]
swapping v[111] and v[119]
swapping v[129] and v[137]
swapping v[121] and v[129]
swapping v[113] and v[121]
swapping v[105] and v[113]
swapping v[97] and v[105]
swapping v[131] and v[139]
swapping v[133] and v[141]
swapping v[125] and v[133]
swapping v[117] and v[125]
swapping v[134] and v[142]
swapping v[126] and v[134]
swapping v[118] and v[126]
swapping v[110] and v[118]
swapping v[102] and v[110]
swapping v[136] and v[144]
swapping v[143] and v[151]
swapping v[135] and v[143]
swapping v[145] and v[153]
swapping v[137] and v[145]
swapping v[129] and v[137]
swapping v[121] and v[129]
swapping v[113] and v[121]
swapping v[105] and v[113]
swapping v[146] and v[154]
swapping v[148] and v[156]
swapping v[149] and v[157]
swapping v[141] and v[149]
swapping v[133] and v[141]
swapping v[125] and v[133]
swapping v[150] and v[158]
swapping v[142] and v[150]
swapping v[134] and v[142]
swapping v[126] and v[134]
swapping v[118] and v[126]
swapping v[110] and v[118]
swapping v[152] and v[160]
swapping v[155] and v[163]
swapping v[159] and v[167]
swapping v[151] and v[159]
swapping v[143] and v[151]
swapping v[161] and v[169]
swapping v[153] and v[161]
swapping v[145] and v[153]
swapping v[137] and v[145]
swapping v[129] and v[137]
swapping v[121] and v[129]
swapping v[113] and v[121]
swapping v[162] and v[170]
swapping v[154] and v[162]
swapping v[164] and v[172]
swapping v[165] and v[173]
swapping v[157] and v[165]
swapping v[166] and v[174]
swapping v[158] and v[166]
swapping v[150] and v[158]
swapping v[142] and v[150]
swapping v[134] and v[142]
swapping v[168] and v[176]
swapping v[160] and v[168]
swapping v[171] and v[179]
swapping v[175] and v[183]
swapping v[167] and v[175]
swapping v[159] and v[167]
swapping v[151] and v[159]
swapping v[177] and v[185]
swapping v[169] and v[177]
swapping v[161] and v[169]
swapping v[153] and v[161]
swapping v[145] and v[153]
swapping v[137] and v[145]
swapping v[129] and v[137]
swapping v[121] and v[129]
swapping v[178] and v[186]
swapping v[170] and v[178]
swapping v[162] and v[170]
swapping v[180] and v[188]
swapping v[172] and v[180]
swapping v[182] and v[190]
swapping v[174] and v[182]
swapping v[184] and v[192]
swapping v[176] and v[184]
swapping v[187] and v[195]
swapping v[179] and v[187]
swapping v[191] and v[199]
swapping v[183] and v[191]
swapping v[175] and v[183]
swapping v[167] and v[175]
swapping v[193] and v[201]
swapping v[185] and v[193]
swapping v[194] and v[202]
swapping v[186] and v[194]
swapping v[178] and v[186]
swapping v[170] and v[178]
swapping v[196] and v[204]
swapping v[188] and v[196]
swapping v[198] and v[206]
swapping v[190] and v[198]
swapping v[182] and v[190]
swapping v[200] and v[208]
swapping v[205] and v[213]
swapping v[207] and v[215]
swapping v[199] and v[207]
swapping v[209] and v[217]
swapping v[201] and v[209]
swapping v[193] and v[201]
swapping v[210] and v[218]
swapping v[202] and v[210]
swapping v[194] and v[202]
swapping v[186] and v[194]
swapping v[178] and v[186]
swapping v[211] and v[219]
swapping v[212] and v[220]
swapping v[204] and v[212]
swapping v[214] and v[222]
swapping v[206] and v[214]
swapping v[198] and v[206]
swapping v[190] and v[198]
swapping v[216] and v[224]
swapping v[208] and v[216]
swapping v[223] and v[231]
swapping v[215] and v[223]
swapping v[225] and v[233]
swapping v[217] and v[225]
swapping v[209] and v[217]
swapping v[226] and v[234]
swapping v[218] and v[226]
swapping v[210] and v[218]
swapping v[202] and v[210]
swapping v[194] and v[202]
swapping v[186] and v[194]
swapping v[227] and v[235]
swapping v[219] and v[227]
swapping v[228] and v[236]
swapping v[220] and v[228]
swapping v[229] and v[237]
swapping v[230] and v[238]
swapping v[222] and v[230]
swapping v[214] and v[222]
swapping v[206] and v[214]
swapping v[198] and v[206]
swapping v[241] and v[249]
swapping v[242] and v[250]
swapping v[234] and v[242]
swapping v[244] and v[252]
swapping v[246] and v[254]
swapping v[238] and v[246]
swapping v[230] and v[238]
swapping v[222] and v[230]
swapping v[214] and v[222]
gap= 4 
swapping v[0] and v[4]
swapping v[1] and v[5]
swapping v[7] and v[11]
swapping v[8] and v[12]
swapping v[10] and v[14]
swapping v[13] and v[17]
swapping v[15] and v[19]
swapping v[11] and v[15]
swapping v[16] and v[20]
swapping v[12] and v[16]
swapping v[21] and v[25]
swapping v[17] and v[21]
swapping v[24] and v[28]
swapping v[26] and v[30]
swapping v[27] and v[31]
swapping v[29] and v[33]
swapping v[25] and v[29]
swapping v[32] and v[36]
swapping v[34] and v[38]
swapping v[35] and v[39]
swapping v[40] and v[44]
swapping v[42] and v[46]
swapping v[38] and v[42]
swapping v[43] and v[47]
swapping v[48] and v[52]
swapping v[49] and v[53]
swapping v[50] and v[54]
swapping v[46] and v[50]
swapping v[51] and v[55]
swapping v[47] and v[51]
swapping v[57] and v[61]
swapping v[53] and v[57]
swapping v[58] and v[62]
swapping v[54] and v[58]
swapping v[50] and v[54]
swapping v[59] and v[63]
swapping v[55] and v[59]
swapping v[51] and v[55]
swapping v[65] and v[69]
swapping v[61] and v[65]
swapping v[66] and v[70]
swapping v[62] and v[66]
swapping v[58] and v[62]
swapping v[54] and v[58]
swapping v[67] and v[71]
swapping v[63] and v[67]
swapping v[59] and v[63]
swapping v[73] and v[77]
swapping v[74] and v[78]
swapping v[70] and v[74]
swapping v[66] and v[70]
swapping v[62] and v[66]
swapping v[58] and v[62]
swapping v[75] and v[79]
swapping v[71] and v[75]
swapping v[67] and v[71]
swapping v[80] and v[84]
swapping v[81] and v[85]
swapping v[77] and v[81]
swapping v[82] and v[86]
swapping v[78] and v[82]
swapping v[74] and v[78]
swapping v[70] and v[74]
swapping v[83] and v[87]
swapping v[79] and v[83]
swapping v[75] and v[79]
swapping v[89] and v[93]
swapping v[85] and v[89]
swapping v[81] and v[85]
swapping v[90] and v[94]
swapping v[86] and v[90]
swapping v[82] and v[86]
swapping v[78] and v[82]
swapping v[91] and v[95]
swapping v[87] and v[91]
swapping v[83] and v[87]
swapping v[96] and v[100]
swapping v[97] and v[101]
swapping v[93] and v[97]
swapping v[89] and v[93]
swapping v[85] and v[89]
swapping v[98] and v[102]
swapping v[94] and v[98]
swapping v[90] and v[94]
swapping v[86] and v[90]
swapping v[82] and v[86]
swapping v[99] and v[103]
swapping v[104] and v[108]
swapping v[100] and v[104]
swapping v[105] and v[109]
swapping v[101] and v[105]
swapping v[97] and v[101]
swapping v[93] and v[97]
swapping v[106] and v[110]
swapping v[102] and v[106]
swapping v[98] and v[102]
swapping v[94] and v[98]
swapping v[90] and v[94]
swapping v[107] and v[111]
swapping v[103] and v[107]
swapping v[112] and v[116]
swapping v[108] and v[112]
swapping v[113] and v[117]
swapping v[114] and v[118]
swapping v[110] and v[114]
swapping v[106] and v[110]
swapping v[102] and v[106]
swapping v[98] and v[102]
swapping v[94] and v[98]
swapping v[120] and v[124]
swapping v[116] and v[120]
swapping v[121] and v[125]
swapping v[117] and v[121]
swapping v[122] and v[126]
swapping v[118] and v[122]
swapping v[114] and v[118]
swapping v[127] and v[131]
swapping v[128] and v[132]
swapping v[129] and v[133]
swapping v[125] and v[129]
swapping v[130] and v[134]
swapping v[126] and v[130]
swapping v[122] and v[126]
swapping v[118] and v[122]
swapping v[136] and v[140]
swapping v[137] and v[141]
swapping v[133] and v[137]
swapping v[129] and v[133]
swapping v[138] and v[142]
swapping v[134] and v[138]
swapping v[130] and v[134]
swapping v[126] and v[130]
swapping v[144] and v[148]
swapping v[145] and v[149]
swapping v[141] and v[145]
swapping v[146] and v[150]
swapping v[142] and v[146]
swapping v[138] and v[142]
swapping v[147] and v[151]
swapping v[152] and v[156]
swapping v[148] and v[152]
swapping v[153] and v[157]
swapping v[149] and v[153]
swapping v[145] and v[149]
swapping v[154] and v[158]
swapping v[150] and v[154]
swapping v[146] and v[150]
swapping v[142] and v[146]
swapping v[155] and v[159]
swapping v[160] and v[164]
swapping v[161] and v[165]
swapping v[157] and v[161]
swapping v[153] and v[157]
swapping v[162] and v[166]
swapping v[163] and v[167]
swapping v[159] and v[163]
swapping v[169] and v[173]
swapping v[165] and v[169]
swapping v[161] and v[165]
swapping v[170] and v[174]
swapping v[166] and v[170]
swapping v[171] and v[175]
swapping v[167] and v[171]
swapping v[178] and v[182]
swapping v[179] and v[183]
swapping v[175] and v[179]
swapping v[171] and v[175]
swapping v[184] and v[188]
swapping v[185] and v[189]
swapping v[187] and v[191]
swapping v[183] and v[187]
swapping v[179] and v[183]
swapping v[190] and v[194]
swapping v[193] and v[197]
swapping v[189] and v[193]
swapping v[195] and v[199]
swapping v[191] and v[195]
swapping v[187] and v[191]
swapping v[183] and v[187]
swapping v[196] and v[200]
swapping v[198] and v[202]
swapping v[194] and v[198]
swapping v[201] and v[205]
swapping v[197] and v[201]
swapping v[193] and v[197]
swapping v[203] and v[207]
swapping v[199] and v[203]
swapping v[195] and v[199]
swapping v[204] and v[208]
swapping v[200] and v[204]
swapping v[206] and v[210]
swapping v[202] and v[206]
swapping v[209] and v[213]
swapping v[205] and v[209]
swapping v[201] and v[205]
swapping v[197] and v[201]
swapping v[216] and v[220]
swapping v[217] and v[221]
swapping v[213] and v[217]
swapping v[209] and v[213]
swapping v[218] and v[222]
swapping v[219] and v[223]
swapping v[224] and v[228]
swapping v[220] and v[224]
swapping v[225] and v[229]
swapping v[221] and v[225]
swapping v[217] and v[221]
swapping v[213] and v[217]
swapping v[226] and v[230]
swapping v[222] and v[226]
swapping v[227] and v[231]
swapping v[232] and v[236]
swapping v[228] and v[232]
swapping v[224] and v[228]
swapping v[234] and v[238]
swapping v[230] and v[234]
swapping v[235] and v[239]
swapping v[231] and v[235]
swapping v[237] and v[241]
swapping v[242] and v[246]
swapping v[238] and v[242]
swapping v[234] and v[238]
swapping v[247] and v[251]
swapping v[248] and v[252]
swapping v[249] and v[253]
swapping v[250] and v[254]
swapping v[246] and v[250]
swapping v[242] and v[246]
gap= 2 
swapping v[1] and v[3]
swapping v[4] and v[6]
swapping v[7] and v[9]
swapping v[10] and v[12]
swapping v[14] and v[16]
swapping v[12] and v[14]
swapping v[18] and v[20]
swapping v[16] and v[18]
swapping v[19] and v[21]
swapping v[22] and v[24]
swapping v[20] and v[22]
swapping v[18] and v[20]
swapping v[23] and v[25]
swapping v[21] and v[23]
swapping v[26] and v[28]
swapping v[27] and v[29]
swapping v[25] and v[27]
swapping v[23] and v[25]
swapping v[32] and v[34]
swapping v[33] and v[35]
swapping v[36] and v[38]
swapping v[34] and v[36]
swapping v[37] and v[39]
swapping v[43] and v[45]
swapping v[44] and v[46]
swapping v[47] and v[49]
swapping v[45] and v[47]
swapping v[48] and v[50]
swapping v[46] and v[48]
swapping v[51] and v[53]
swapping v[49] and v[51]
swapping v[47] and v[49]
swapping v[52] and v[54]
swapping v[55] and v[57]
swapping v[53] and v[55]
swapping v[51] and v[53]
swapping v[49] and v[51]
swapping v[56] and v[58]
swapping v[59] and v[61]
swapping v[57] and v[59]
swapping v[55] and v[57]
swapping v[53] and v[55]
swapping v[51] and v[53]
swapping v[63] and v[65]
swapping v[61] and v[63]
swapping v[59] and v[61]
swapping v[57] and v[59]
swapping v[55] and v[57]
swapping v[53] and v[55]
swapping v[64] and v[66]
swapping v[67] and v[69]
swapping v[65] and v[67]
swapping v[63] and v[65]
swapping v[61] and v[63]
swapping v[59] and v[61]
swapping v[57] and v[59]
swapping v[68] and v[70]
swapping v[71] and v[73]
swapping v[69] and v[71]
swapping v[67] and v[69]
swapping v[65] and v[67]
swapping v[63] and v[65]
swapping v[61] and v[63]
swapping v[59] and v[61]
swapping v[72] and v[74]
swapping v[75] and v[77]
swapping v[73] and v[75]
swapping v[71] and v[73]
swapping v[69] and v[71]
swapping v[67] and v[69]
swapping v[65] and v[67]
swapping v[63] and v[65]
swapping v[61] and v[63]
swapping v[76] and v[78]
swapping v[74] and v[76]
swapping v[79] and v[81]
swapping v[77] and v[79]
swapping v[75] and v[77]
swapping v[73] and v[75]
swapping v[71] and v[73]
swapping v[69] and v[71]
swapping v[67] and v[69]
swapping v[65] and v[67]
swapping v[80] and v[82]
swapping v[78] and v[80]
swapping v[83] and v[85]
swapping v[81] and v[83]
swapping v[79] and v[81]
swapping v[77] and v[79]
swapping v[75] and v[77]
swapping v[73] and v[75]
swapping v[71] and v[73]
swapping v[69] and v[71]
swapping v[67] and v[69]
swapping v[84] and v[86]
swapping v[82] and v[84]
swapping v[80] and v[82]
swapping v[87] and v[89]
swapping v[85] and v[87]
swapping v[83] and v[85]
swapping v[81] and v[83]
swapping v[79] and v[81]
swapping v[77] and v[79]
swapping v[75] and v[77]
swapping v[73] and v[75]
swapping v[71] and v[73]
swapping v[88] and v[90]
swapping v[86] and v[88]
swapping v[84] and v[86]
swapping v[82] and v[84]
swapping v[91] and v[93]
swapping v[89] and v[91]
swapping v[87] and v[89]
swapping v[85] and v[87]
swapping v[83] and v[85]
swapping v[81] and v[83]
swapping v[79] and v[81]
swapping v[77] and v[79]
swapping v[75] and v[77]
swapping v[92] and v[94]
swapping v[90] and v[92]
swapping v[88] and v[90]
swapping v[86] and v[88]
swapping v[84] and v[86]
swapping v[95] and v[97]
swapping v[93] and v[95]
swapping v[91] and v[93]
swapping v[89] and v[91]
swapping v[87] and v[89]
swapping v[85] and v[87]
swapping v[83] and v[85]
swapping v[81] and v[83]
swapping v[96] and v[98]
swapping v[94] and v[96]
swapping v[92] and v[94]
swapping v[90] and v[92]
swapping v[88] and v[90]
swapping v[99] and v[101]
swapping v[97] and v[99]
swapping v[95] and v[97]
swapping v[93] and v[95]
swapping v[91] and v[93]
swapping v[89] and v[91]
swapping v[87] and v[89]
swapping v[100] and v[102]
swapping v[98] and v[100]
swapping v[96] and v[98]
swapping v[94] and v[96]
swapping v[92] and v[94]
swapping v[103] and v[105]
swapping v[101] and v[103]
swapping v[99] and v[101]
swapping v[97] and v[99]
swapping v[95] and v[97]
swapping v[93] and v[95]
swapping v[91] and v[93]
swapping v[89] and v[91]
swapping v[104] and v[106]
swapping v[102] and v[104]
swapping v[100] and v[102]
swapping v[98] and v[100]
swapping v[96] and v[98]
swapping v[94] and v[96]
swapping v[107] and v[109]
swapping v[105] and v[107]
swapping v[103] and v[105]
swapping v[101] and v[103]
swapping v[99] and v[101]
swapping v[97] and v[99]
swapping v[95] and v[97]
swapping v[93] and v[95]
swapping v[91] and v[93]
swapping v[108] and v[110]
swapping v[106] and v[108]
swapping v[104] and v[106]
swapping v[111] and v[113]
swapping v[109] and v[111]
swapping v[107] and v[109]
swapping v[105] and v[107]
swapping v[103] and v[105]
swapping v[101] and v[103]
swapping v[99] and v[101]
swapping v[97] and v[99]
swapping v[95] and v[97]
swapping v[93] and v[95]
swapping v[112] and v[114]
swapping v[110] and v[112]
swapping v[108] and v[110]
swapping v[106] and v[108]
swapping v[115] and v[117]
swapping v[113] and v[115]
swapping v[111] and v[113]
swapping v[109] and v[111]
swapping v[107] and v[109]
swapping v[105] and v[107]
swapping v[116] and v[118]
swapping v[114] and v[116]
swapping v[119] and v[121]
swapping v[117] and v[119]
swapping v[115] and v[117]
swapping v[113] and v[115]
swapping v[111] and v[113]
swapping v[109] and v[111]
swapping v[107] and v[109]
swapping v[120] and v[122]
swapping v[118] and v[120]
swapping v[116] and v[118]
swapping v[123] and v[125]
swapping v[121] and v[123]
swapping v[119] and v[121]
swapping v[117] and v[119]
swapping v[115] and v[117]
swapping v[113] and v[115]
swapping v[111] and v[113]
swapping v[124] and v[126]
swapping v[122] and v[124]
swapping v[120] and v[122]
swapping v[127] and v[129]
swapping v[125] and v[127]
swapping v[123] and v[125]
swapping v[121] and v[123]
swapping v[119] and v[121]
swapping v[117] and v[119]
swapping v[128] and v[130]
swapping v[126] and v[128]
swapping v[124] and v[126]
swapping v[122] and v[124]
swapping v[131] and v[133]
swapping v[129] and v[131]
swapping v[127] and v[129]
swapping v[125] and v[127]
swapping v[123] and v[125]
swapping v[121] and v[123]
swapping v[132] and v[134]
swapping v[130] and v[132]
swapping v[128] and v[130]
swapping v[126] and v[128]
swapping v[135] and v[137]
swapping v[133] and v[135]
swapping v[131] and v[133]
swapping v[129] and v[131]
swapping v[127] and v[129]
swapping v[125] and v[127]
swapping v[123] and v[125]
swapping v[136] and v[138]
swapping v[134] and v[136]
swapping v[132] and v[134]
swapping v[130] and v[132]
swapping v[128] and v[130]
swapping v[139] and v[141]
swapping v[137] and v[139]
swapping v[135] and v[137]
swapping v[133] and v[135]
swapping v[140] and v[142]
swapping v[138] and v[140]
swapping v[136] and v[138]
swapping v[134] and v[136]
swapping v[132] and v[134]
swapping v[130] and v[132]
swapping v[143] and v[145]
swapping v[141] and v[143]
swapping v[139] and v[141]
swapping v[137] and v[139]
swapping v[135] and v[137]
swapping v[144] and v[146]
swapping v[142] and v[144]
swapping v[140] and v[142]
swapping v[138] and v[140]
swapping v[136] and v[138]
swapping v[134] and v[136]
swapping v[132] and v[134]
swapping v[147] and v[149]
swapping v[145] and v[147]
swapping v[143] and v[145]
swapping v[141] and v[143]
swapping v[148] and v[150]
swapping v[146] and v[148]
swapping v[144] and v[146]
swapping v[142] and v[144]
swapping v[140] and v[142]
swapping v[138] and v[140]
swapping v[136] and v[138]
swapping v[134] and v[136]
swapping v[151] and v[153]
swapping v[149] and v[151]
swapping v[147] and v[149]
swapping v[145] and v[147]
swapping v[143] and v[145]
swapping v[152] and v[154]
swapping v[150] and v[152]
swapping v[148] and v[150]
swapping v[146] and v[148]
swapping v[144] and v[146]
swapping v[155] and v[157]
swapping v[153] and v[155]
swapping v[151] and v[153]
swapping v[149] and v[151]
swapping v[147] and v[149]
swapping v[145] and v[147]
swapping v[156] and v[158]
swapping v[154] and v[156]
swapping v[152] and v[154]
swapping v[150] and v[152]
swapping v[148] and v[150]
swapping v[159] and v[161]
swapping v[157] and v[159]
swapping v[155] and v[157]
swapping v[153] and v[155]
swapping v[160] and v[162]
swapping v[165] and v[167]
swapping v[172] and v[174]
swapping v[173] and v[175]
swapping v[176] and v[178]
swapping v[177] and v[179]
swapping v[182] and v[184]
swapping v[183] and v[185]
swapping v[186] and v[188]
swapping v[184] and v[186]
swapping v[187] and v[189]
swapping v[190] and v[192]
swapping v[191] and v[193]
swapping v[189] and v[191]
swapping v[194] and v[196]
swapping v[192] and v[194]
swapping v[195] and v[197]
swapping v[193] and v[195]
swapping v[191] and v[193]
swapping v[199] and v[201]
swapping v[197] and v[199]
swapping v[195] and v[197]
swapping v[193] and v[195]
swapping v[202] and v[204]
swapping v[203] and v[205]
swapping v[201] and v[203]
swapping v[199] and v[201]
swapping v[197] and v[199]
swapping v[208] and v[210]
swapping v[209] and v[211]
swapping v[213] and v[215]
swapping v[216] and v[218]
swapping v[217] and v[219]
swapping v[215] and v[217]
swapping v[220] and v[222]
swapping v[221] and v[223]
swapping v[219] and v[221]
swapping v[224] and v[226]
swapping v[222] and v[224]
swapping v[225] and v[227]
swapping v[223] and v[225]
swapping v[221] and v[223]
swapping v[229] and v[231]
swapping v[227] and v[229]
swapping v[225] and v[227]
swapping v[223] and v[225]
swapping v[233] and v[235]
swapping v[231] and v[233]
swapping v[236] and v[238]
swapping v[237] and v[239]
swapping v[235] and v[237]
swapping v[233] and v[235]
swapping v[240] and v[242]
swapping v[241] and v[243]
swapping v[239] and v[241]
swapping v[244] and v[246]
swapping v[242] and v[244]
swapping v[247] and v[249]
swapping v[248] and v[250]
swapping v[246] and v[248]
swapping v[252] and v[254]
swapping v[253] and v[255]
gap= 1 
swapping v[1] and v[2]
swapping v[4] and v[5]
swapping v[6] and v[7]
swapping v[11] and v[12]
swapping v[13] and v[14]
swapping v[16] and v[17]
swapping v[18] and v[19]
swapping v[17] and v[18]
swapping v[20] and v[21]
swapping v[19] and v[20]
swapping v[18] and v[19]
swapping v[22] and v[23]
swapping v[21] and v[22]
swapping v[20] and v[21]
swapping v[24] and v[25]
swapping v[23] and v[24]
swapping v[26] and v[27]
swapping v[25] and v[26]
swapping v[24] and v[25]
swapping v[28] and v[29]
swapping v[27] and v[28]
swapping v[26] and v[27]
swapping v[25] and v[26]
swapping v[30] and v[31]
swapping v[29] and v[30]
swapping v[28] and v[29]
swapping v[27] and v[28]
swapping v[26] and v[27]
swapping v[32] and v[33]
swapping v[31] and v[32]
swapping v[30] and v[31]
swapping v[29] and v[30]
swapping v[28] and v[29]
swapping v[27] and v[28]
swapping v[34] and v[35]
swapping v[36] and v[37]
swapping v[38] and v[39]
swapping v[37] and v[38]
swapping v[40] and v[41]
swapping v[39] and v[40]
swapping v[38] and v[39]
swapping v[42] and v[43]
swapping v[41] and v[42]
swapping v[40] and v[41]
swapping v[39] and v[40]
swapping v[44] and v[45]
swapping v[43] and v[44]
swapping v[42] and v[43]
swapping v[41] and v[42]
swapping v[40] and v[41]
swapping v[46] and v[47]
swapping v[45] and v[46]
swapping v[44] and v[45]
swapping v[43] and v[44]
swapping v[42] and v[43]
swapping v[41] and v[42]
swapping v[48] and v[49]
swapping v[47] and v[48]
swapping v[46] and v[47]
swapping v[45] and v[46]
swapping v[44] and v[45]
swapping v[50] and v[51]
swapping v[49] and v[50]
swapping v[48] and v[49]
swapping v[47] and v[48]
swapping v[52] and v[53]
swapping v[51] and v[52]
swapping v[50] and v[51]
swapping v[49] and v[50]
swapping v[48] and v[49]
swapping v[54] and v[55]
swapping v[53] and v[54]
swapping v[52] and v[53]
swapping v[51] and v[52]
swapping v[50] and v[51]
swapping v[49] and v[50]
swapping v[56] and v[57]
swapping v[55] and v[56]
swapping v[54] and v[55]
swapping v[53] and v[54]
swapping v[52] and v[53]
swapping v[51] and v[52]
swapping v[50] and v[51]
swapping v[58] and v[59]
swapping v[57] and v[58]
swapping v[56] and v[57]
swapping v[55] and v[56]
swapping v[54] and v[55]
swapping v[53] and v[54]
swapping v[60] and v[61]
swapping v[59] and v[60]
swapping v[58] and v[59]
swapping v[57] and v[58]
swapping v[56] and v[57]
swapping v[55] and v[56]
swapping v[62] and v[63]
swapping v[61] and v[62]
swapping v[60] and v[61]
swapping v[59] and v[60]
swapping v[58] and v[59]
swapping v[57] and v[58]
swapping v[56] and v[57]
swapping v[64] and v[65]
swapping v[63] and v[64]
swapping v[62] and v[63]
swapping v[61] and v[62]
swapping v[60] and v[61]
swapping v[59] and v[60]
swapping v[58] and v[59]
swapping v[57] and v[58]
swapping v[66] and v[67]
swapping v[65] and v[66]
swapping v[64] and v[65]
swapping v[63] and v[64]
swapping v[62] and v[63]
swapping v[61] and v[62]
swapping v[60] and v[61]
swapping v[59] and v[60]
swapping v[58] and v[59]
swapping v[68] and v[69]
swapping v[67] and v[68]
swapping v[66] and v[67]
swapping v[65] and v[66]
swapping v[64] and v[65]
swapping v[63] and v[64]
swapping v[62] and v[63]
swapping v[61] and v[62]
swapping v[60] and v[61]
swapping v[59] and v[60]
swapping v[70] and v[71]
swapping v[69] and v[70]
swapping v[68] and v[69]
swapping v[67] and v[68]
swapping v[66] and v[67]
swapping v[65] and v[66]
swapping v[64] and v[65]
swapping v[63] and v[64]
swapping v[62] and v[63]
swapping v[61] and v[62]
swapping v[72] and v[73]
swapping v[71] and v[72]
swapping v[70] and v[71]
swapping v[69] and v[70]
swapping v[68] and v[69]
swapping v[67] and v[68]
swapping v[66] and v[67]
swapping v[65] and v[66]
swapping v[64] and v[65]
swapping v[63] and v[64]
swapping v[62] and v[63]
swapping v[74] and v[75]
swapping v[73] and v[74]
swapping v[72] and v[73]
swapping v[71] and v[72]
swapping v[70] and v[71]
swapping v[69] and v[70]
swapping v[68] and v[69]
swapping v[67] and v[68]
swapping v[66] and v[67]
swapping v[65] and v[66]
swapping v[64] and v[65]
swapping v[76] and v[77]
swapping v[75] and v[76]
swapping v[74] and v[75]
swapping v[73] and v[74]
swapping v[72] and v[73]
swapping v[71] and v[72]
swapping v[70] and v[71]
swapping v[69] and v[70]
swapping v[68] and v[69]
swapping v[67] and v[68]
swapping v[78] and v[79]
swapping v[77] and v[78]
swapping v[76] and v[77]
swapping v[75] and v[76]
swapping v[74] and v[75]
swapping v[73] and v[74]
swapping v[72] and v[73]
swapping v[71] and v[72]
swapping v[70] and v[71]
swapping v[80] and v[81]
swapping v[79] and v[80]
swapping v[78] and v[79]
swapping v[77] and v[78]
swapping v[76] and v[77]
swapping v[75] and v[76]
swapping v[74] and v[75]
swapping v[73] and v[74]
swapping v[72] and v[73]
swapping v[82] and v[83]
swapping v[81] and v[82]
swapping v[80] and v[81]
swapping v[79] and v[80]
swapping v[78] and v[79]
swapping v[77] and v[78]
swapping v[76] and v[77]
swapping v[84] and v[85]
swapping v[83] and v[84]
swapping v[82] and v[83]
swapping v[81] and v[82]
swapping v[80] and v[81]
swapping v[79] and v[80]
swapping v[78] and v[79]
swapping v[86] and v[87]
swapping v[85] and v[86]
swapping v[84] and v[85]
swapping v[83] and v[84]
swapping v[82] and v[83]
swapping v[81] and v[82]
swapping v[80] and v[81]
swapping v[79] and v[80]
swapping v[88] and v[89]
swapping v[87] and v[88]
swapping v[86] and v[87]
swapping v[85] and v[86]
swapping v[84] and v[85]
swapping v[83] and v[84]
swapping v[82] and v[83]
swapping v[81] and v[82]
swapping v[80] and v[81]
swapping v[90] and v[91]
swapping v[89] and v[90]
swapping v[88] and v[89]
swapping v[87] and v[88]
swapping v[86] and v[87]
swapping v[85] and v[86]
swapping v[84] and v[85]
swapping v[83] and v[84]
swapping v[82] and v[83]
swapping v[81] and v[82]
swapping v[92] and v[93]
swapping v[91] and v[92]
swapping v[90] and v[91]
swapping v[89] and v[90]
swapping v[88] and v[89]
swapping v[87] and v[88]
swapping v[86] and v[87]
swapping v[85] and v[86]
swapping v[84] and v[85]
swapping v[83] and v[84]
swapping v[82] and v[83]
swapping v[94] and v[95]
swapping v[93] and v[94]
swapping v[92] and v[93]
swapping v[91] and v[92]
swapping v[90] and v[91]
swapping v[89] and v[90]
swapping v[88] and v[89]
swapping v[87] and v[88]
swapping v[86] and v[87]
swapping v[85] and v[86]
swapping v[84] and v[85]
swapping v[96] and v[97]
swapping v[95] and v[96]
swapping v[94] and v[95]
swapping v[93] and v[94]
swapping v[92] and v[93]
swapping v[91] and v[92]
swapping v[90] and v[91]
swapping v[89] and v[90]
swapping v[88] and v[89]
swapping v[98] and v[99]
swapping v[97] and v[98]
swapping v[96] and v[97]
swapping v[95] and v[96]
swapping v[94] and v[95]
swapping v[93] and v[94]
swapping v[92] and v[93]
swapping v[91] and v[92]
swapping v[90] and v[91]
swapping v[89] and v[90]
swapping v[100] and v[101]
swapping v[99] and v[100]
swapping v[98] and v[99]
swapping v[97] and v[98]
swapping v[96] and v[97]
swapping v[95] and v[96]
swapping v[94] and v[95]
swapping v[93] and v[94]
swapping v[92] and v[93]
swapping v[91] and v[92]
swapping v[90] and v[91]
swapping v[102] and v[103]
swapping v[101] and v[102]
swapping v[100] and v[101]
swapping v[99] and v[100]
swapping v[98] and v[99]
swapping v[97] and v[98]
swapping v[96] and v[97]
swapping v[95] and v[96]
swapping v[104] and v[105]
swapping v[103] and v[104]
swapping v[102] and v[103]
swapping v[101] and v[102]
swapping v[100] and v[101]
swapping v[99] and v[100]
swapping v[98] and v[99]
swapping v[97] and v[98]
swapping v[96] and v[97]
swapping v[106] and v[107]
swapping v[105] and v[106]
swapping v[104] and v[105]
swapping v[103] and v[104]
swapping v[102] and v[103]
swapping v[101] and v[102]
swapping v[100] and v[101]
swapping v[99] and v[100]
swapping v[98] and v[99]
swapping v[108] and v[109]
swapping v[107] and v[108]
swapping v[106] and v[107]
swapping v[105] and v[106]
swapping v[104] and v[105]
swapping v[103] and v[104]
swapping v[102] and v[103]
swapping v[101] and v[102]
swapping v[100] and v[101]
swapping v[99] and v[100]
swapping v[110] and v[111]
swapping v[109] and v[110]
swapping v[108] and v[109]
swapping v[107] and v[108]
swapping v[106] and v[107]
swapping v[105] and v[106]
swapping v[104] and v[105]
swapping v[103] and v[104]
swapping v[112] and v[113]
swapping v[111] and v[112]
swapping v[110] and v[111]
swapping v[109] and v[110]
swapping v[108] and v[109]
swapping v[107] and v[108]
swapping v[118] and v[119]
swapping v[120] and v[121]
swapping v[119] and v[120]
swapping v[122] and v[123]
swapping v[121] and v[122]
swapping v[120] and v[121]
swapping v[124] and v[125]
swapping v[123] and v[124]
swapping v[122] and v[123]
swapping v[126] and v[127]
swapping v[125] and v[126]
swapping v[124] and v[125]
swapping v[123] and v[124]
swapping v[128] and v[129]
swapping v[127] and v[128]
swapping v[126] and v[127]
swapping v[125] and v[126]
swapping v[124] and v[125]
swapping v[130] and v[131]
swapping v[129] and v[130]
swapping v[128] and v[129]
swapping v[127] and v[128]
swapping v[126] and v[127]
swapping v[132] and v[133]
swapping v[131] and v[132]
swapping v[130] and v[131]
swapping v[129] and v[130]
swapping v[128] and v[129]
swapping v[134] and v[135]
swapping v[133] and v[134]
swapping v[132] and v[133]
swapping v[131] and v[132]
swapping v[130] and v[131]
swapping v[129] and v[130]
swapping v[136] and v[137]
swapping v[135] and v[136]
swapping v[134] and v[135]
swapping v[133] and v[134]
swapping v[132] and v[133]
swapping v[131] and v[132]
swapping v[138] and v[139]
swapping v[137] and v[138]
swapping v[136] and v[137]
swapping v[135] and v[136]
swapping v[134] and v[135]
swapping v[133] and v[134]
swapping v[140] and v[141]
swapping v[139] and v[140]
swapping v[138] and v[139]
swapping v[137] and v[138]
swapping v[136] and v[137]
swapping v[135] and v[136]
swapping v[142] and v[143]
swapping v[141] and v[142]
swapping v[140] and v[141]
swapping v[139] and v[140]
swapping v[138] and v[139]
swapping v[137] and v[138]
swapping v[144] and v[145]
swapping v[150] and v[151]
swapping v[152] and v[153]
swapping v[151] and v[152]
swapping v[154] and v[155]
swapping v[153] and v[154]
swapping v[152] and v[153]
swapping v[156] and v[157]
swapping v[155] and v[156]
swapping v[154] and v[155]
swapping v[153] and v[154]
swapping v[158] and v[159]
swapping v[157] and v[158]
swapping v[156] and v[157]
swapping v[155] and v[156]
swapping v[160] and v[161]
swapping v[159] and v[160]
swapping v[158] and v[159]
swapping v[157] and v[158]
swapping v[162] and v[163]
swapping v[161] and v[162]
swapping v[160] and v[161]
swapping v[164] and v[165]
swapping v[163] and v[164]
swapping v[162] and v[163]
swapping v[166] and v[167]
swapping v[165] and v[166]
swapping v[164] and v[165]
swapping v[163] and v[164]
swapping v[168] and v[169]
swapping v[167] and v[168]
swapping v[170] and v[171]
swapping v[169] and v[170]
swapping v[168] and v[169]
swapping v[172] and v[173]
swapping v[171] and v[172]
swapping v[174] and v[175]
swapping v[173] and v[174]
swapping v[176] and v[177]
swapping v[175] and v[176]
swapping v[174] and v[175]
swapping v[178] and v[179]
swapping v[177] and v[178]
swapping v[176] and v[177]
swapping v[180] and v[181]
swapping v[179] and v[180]
swapping v[178] and v[179]
swapping v[177] and v[178]
swapping v[182] and v[183]
swapping v[181] and v[182]
swapping v[180] and v[181]
swapping v[179] and v[180]
swapping v[178] and v[179]
swapping v[184] and v[185]
swapping v[183] and v[184]
swapping v[182] and v[183]
swapping v[181] and v[182]
swapping v[180] and v[181]
swapping v[179] and v[180]
swapping v[186] and v[187]
swapping v[185] and v[186]
swapping v[184] and v[185]
swapping v[183] and v[184]
swapping v[182] and v[183]
swapping v[181] and v[182]
swapping v[180] and v[181]
swapping v[188] and v[189]
swapping v[187] and v[188]
swapping v[186] and v[187]
swapping v[185] and v[186]
swapping v[184] and v[185]
swapping v[190] and v[191]
swapping v[189] and v[190]
swapping v[188] and v[189]
swapping v[187] and v[188]
swapping v[186] and v[187]
swapping v[185] and v[186]
swapping v[192] and v[193]
swapping v[191] and v[192]
swapping v[190] and v[191]
swapping v[194] and v[195]
swapping v[193] and v[194]
swapping v[192] and v[193]
swapping v[191] and v[192]
swapping v[196] and v[197]
swapping v[195] and v[196]
swapping v[194] and v[195]
swapping v[193] and v[194]
swapping v[192] and v[193]
swapping v[198] and v[199]
swapping v[197] and v[198]
swapping v[196] and v[197]
swapping v[195] and v[196]
swapping v[194] and v[195]
swapping v[193] and v[194]
swapping v[200] and v[201]
swapping v[199] and v[200]
swapping v[198] and v[199]
swapping v[197] and v[198]
swapping v[196] and v[197]
swapping v[195] and v[196]
swapping v[202] and v[203]
swapping v[201] and v[202]
swapping v[200] and v[201]
swapping v[199] and v[200]
swapping v[198] and v[199]
swapping v[197] and v[198]
swapping v[204] and v[205]
swapping v[203] and v[204]
swapping v[202] and v[203]
swapping v[201] and v[202]
swapping v[200] and v[201]
swapping v[206] and v[207]
swapping v[205] and v[206]
swapping v[204] and v[205]
swapping v[203] and v[204]
swapping v[202] and v[203]
swapping v[208] and v[209]
swapping v[207] and v[208]
swapping v[206] and v[207]
swapping v[205] and v[206]
swapping v[204] and v[205]
swapping v[203] and v[204]
swapping v[210] and v[211]
swapping v[209] and v[210]
swapping v[208] and v[209]
swapping v[207] and v[208]
swapping v[206] and v[207]
swapping v[205] and v[206]
swapping v[204] and v[205]
swapping v[213] and v[214]
swapping v[215] and v[216]
swapping v[218] and v[219]
swapping v[220] and v[221]
swapping v[219] and v[220]
swapping v[222] and v[223]
swapping v[221] and v[222]
swapping v[224] and v[225]
swapping v[226] and v[227]
swapping v[230] and v[231]
swapping v[232] and v[233]
swapping v[231] and v[232]
swapping v[234] and v[235]
swapping v[233] and v[234]
swapping v[236] and v[237]
swapping v[235] and v[236]
swapping v[234] and v[235]
swapping v[238] and v[239]
swapping v[237] and v[238]
swapping v[236] and v[237]
swapping v[240] and v[241]
swapping v[239] and v[240]
swapping v[238] and v[239]
swapping v[237] and v[238]
swapping v[242] and v[243]
swapping v[241] and v[242]
swapping v[240] and v[241]
swapping v[239] and v[240]
swapping v[244] and v[245]
swapping v[243] and v[244]
swapping v[242] and v[243]
swapping v[246] and v[247]
swapping v[245] and v[246]
swapping v[244] and v[245]
swapping v[243] and v[244]
swapping v[248] and v[249]
swapping v[247] and v[248]
swapping v[246] and v[247]
swapping v[254] and v[255]
sorted array
26,251,353,369,686,714,1090,1110,1145,1435,1438,1744,1891,2530,2587,2666,3005,3156,3216,3374,3435,3771,3790,3918,3975,3993,4172,4898,5324,5751,6107,6182,6226,6838,6990,7577,7673,7940,7944,7948,8169,8203,8306,8448,8724,8794,8818,9128,9296,9475,10546,10716,10733,10761,11850,12299,12466,12562,13398,13538,13650,13889,14044,14289,14471,14482,14526,14634,14785,15515,15920,16381,16465,16677,16766,16892,17336,17465,17644,17675,17875,17949,18048,18186,18709,19086,19151,19259,19776,20156,20286,20830,21546,22261,22379,22666,22866,23054,23406,23580,23956,24046,24674,24983,25124,25353,25374,25866,25897,25934,25983,26562,26942,27571,27665,27729,27798,28008,28097,28487,28512,28641,28720,29334,29589,29901,29964,29975,30152,30671,31357,31466,31558,31829,31940,31962,32154,32192,32242,32713,32878,32927,33460,33523,33576,33673,33905,33921,34197,34583,34668,34728,34748,35023,35492,35702,35923,36041,36136,36166,36321,36460,36629,36784,36922,36979,37011,37709,38121,38502,38518,38547,38676,38753,39805,40002,40334,40448,41354,41526,41762,41861,41905,41909,42140,42310,42569,43850,44024,44359,44494,44766,44930,45276,45374,46642,46649,46675,46711,46995,47247,47887,47968,47997,48131,48188,49083,49171,49478,49611,49841,50254,50304,50311,50420,50787,51343,52340,52840,53746,54058,54388,54751,55560,56316,57173,58088,58275,58469,58478,58752,58917,59621,59675,59908,60015,60026,60525,61303,61742,61793,61866,62035,62216,62846,62960,63169,63201,63815,63960,64154,64263,64726,64736,64960,65251 done
